2018-01-30 11:39 [ERROR]            ConnectionPool:    50 - Cannot obtain the data source
javax.naming.NoInitialContextException: Need to specify class name in environment or system property, or in an application resource file: java.naming.factory.initial
	at java.naming/javax.naming.spi.NamingManager.getInitialContext(NamingManager.java:685)
	at java.naming/javax.naming.InitialContext.getDefaultInitCtx(InitialContext.java:305)
	at java.naming/javax.naming.InitialContext.getURLOrDefaultInitCtx(InitialContext.java:342)
	at java.naming/javax.naming.InitialContext.lookup(InitialContext.java:409)
	at ua.nure.vardanian.SummaryTask4.db.ConnectionPool.getConnection(ConnectionPool.java:47)
	at ua.nure.vardanian.SummaryTask4.db.DBManager.getPatientsByBirthday(DBManager.java:624)
	at ua.nure.vardanian.SummaryTask4.db.DBManager.main(DBManager.java:641)
2018-01-30 11:39 [ERROR]            ConnectionPool:    50 - Cannot obtain the data source
javax.naming.NoInitialContextException: Need to specify class name in environment or system property, or in an application resource file: java.naming.factory.initial
	at java.naming/javax.naming.spi.NamingManager.getInitialContext(NamingManager.java:685)
	at java.naming/javax.naming.InitialContext.getDefaultInitCtx(InitialContext.java:305)
	at java.naming/javax.naming.InitialContext.getURLOrDefaultInitCtx(InitialContext.java:342)
	at java.naming/javax.naming.InitialContext.lookup(InitialContext.java:409)
	at ua.nure.vardanian.SummaryTask4.db.ConnectionPool.getConnection(ConnectionPool.java:47)
	at ua.nure.vardanian.SummaryTask4.db.DBManager.getPatientsByBirthday(DBManager.java:624)
	at ua.nure.vardanian.SummaryTask4.db.DBManager.main(DBManager.java:641)
2018-01-30 11:40 [ERROR]            ConnectionPool:    50 - Cannot obtain the data source
javax.naming.NoInitialContextException: Need to specify class name in environment or system property, or in an application resource file: java.naming.factory.initial
	at java.naming/javax.naming.spi.NamingManager.getInitialContext(NamingManager.java:685)
	at java.naming/javax.naming.InitialContext.getDefaultInitCtx(InitialContext.java:305)
	at java.naming/javax.naming.InitialContext.getURLOrDefaultInitCtx(InitialContext.java:342)
	at java.naming/javax.naming.InitialContext.lookup(InitialContext.java:409)
	at ua.nure.vardanian.SummaryTask4.db.ConnectionPool.getConnection(ConnectionPool.java:47)
	at ua.nure.vardanian.SummaryTask4.db.DBManager.getPatientsByBirthday(DBManager.java:624)
	at ua.nure.vardanian.SummaryTask4.db.DBManager.main(DBManager.java:641)
